<?xml version="1.0" encoding="UTF-8"?>
<!-- Generated by org.testng.reporters.JUnitXMLReporter -->
<testsuite hostname="IP-C613988B" ignored="0" name="ServiceNow Selenium Automated Testing" tests="4" failures="0" timestamp="12 Dec 2019 15:12:19 GMT" time="247.292" errors="0">
  <testcase name="testswitchToNavFrame" time="52.707" classname="com.company.servicenowtests.tests.TestLeftNav"/>
  <testcase name="testIncident" time="58.562" classname="com.company.servicenowtests.tasks.testcases.TestIncidentWithoutSauce"/>
  <testcase name="createAChangeTemplate" time="60.083" classname="com.company.servicenowtests.tests.TestTemplateForm"/>
  <testcase name="testCreationOfOrder" time="34.161" classname="com.company.servicenowtests.servicecatalog.testcases.TestSalesLaptop"/>
</testsuite> <!-- ServiceNow Selenium Automated Testing -->
